1559820054246	mozrunner::runner	INFO	Running command: "C:\\Program Files\\Mozilla Firefox\\firefox.exe" "-marionette" "-foreground" "-no-remote" "-profile" "C:\\Users\\rsingh\\AppData\\Local\\Temp\\rust_mozprofile.z3ixcCntMobU"
Unable to read VR Path Registry from C:\Users\rsingh\AppData\Local\openvr\openvrpaths.vrpath
Unable to read VR Path Registry from C:\Users\rsingh\AppData\Local\openvr\openvrpaths.vrpath
Unable to read VR Path Registry from C:\Users\rsingh\AppData\Local\openvr\openvrpaths.vrpath
Unable to read VR Path Registry from C:\Users\rsingh\AppData\Local\openvr\openvrpaths.vrpath
Unable to read VR Path Registry from C:\Users\rsingh\AppData\Local\openvr\openvrpaths.vrpath
1559820060668	Marionette	INFO	Listening on port 54777
1559820061050	Marionette	WARN	TLS certificate errors will be ignored for this session
[Child 15520, Chrome_ChildThread] WARNING: pipe error: 109: file z:/build/build/src/ipc/chromium/src/chrome/common/ipc_channel_win.cc, line 346
[Child 15520, Chrome[Child 6680, Chrome_ChildThread] WARNING: pipe error: 109: file z:/build/build/src/ipc/chromium/src/chrome/common/ipc_channel_win.cc, line 346
[Child 6680, Chrome_[Parent 17352, Gecko_IOThread] WARNING: pipe error: 109: file z:/build/build/src/ipc/chromium/src/chrome/common/ipc_channel_win.cc, line 346
[Child 18816, Chrome_ChildThread] WARNING: pipe error: 109: file z:/build/build/src/ipc/chromium/src/chrome/common/ipc_channel_win.cc, line 346
[Child 18*** UTM:SVC TimerManager:registerTimer called after profile-before-change notification. Ignoring timer registration for id: telemetry_modules_ping
[GPU 16192, Ch
###!!! [Child][MessageChannel::SendAndWait] Error: Channel error: cannot send/recv

1559820148457	mozrunner::runner	INFO	Running command: "C:\\Program Files\\Mozilla Firefox\\firefox.exe" "-marionette" "-foreground" "-no-remote" "-profile" "C:\\Users\\rsingh\\AppData\\Local\\Temp\\rust_mozprofile.WdgQgrrCy4tZ"
Unable to read VR Path Registry from C:\Users\rsingh\AppData\Local\openvr\openvrpaths.vrpath
Unable to read VR Path Registry from C:\Users\rsingh\AppData\Local\openvr\openvrpaths.vrpath
Unable to read VR Path Registry from C:\Users\rsingh\AppData\Local\openvr\openvrpaths.vrpath
Unable to read VR Path Registry from C:\Users\rsingh\AppData\Local\openvr\openvrpaths.vrpath
Unable to read VR Path Registry from C:\Users\rsingh\AppData\Local\openvr\openvrpaths.vrpath
1559820151768	Marionette	INFO	Listening on port 54909
1559820151990	Marionette	WARN	TLS certificate errors will be ignored for this session
[Parent 8532, Gecko_IOThread] WARNING: pipe error: 109: file z:/build/build/src/ipc/chromium/src/chrome/common/ipc_channel_win.cc, line 346
[Child 14672, Chrome_ChildThread] WARNING: pipe error: 109: file z:/build/build/src/ipc/chromium/src/chrome/common/ipc_channel_win.cc, line 346
[Child 1467[Parent 8532, Gecko_IOThread] WARNING: pipe error: 109: file z:/build/build/src/ipc/chromium/src/chrome/common/ipc_channel_win.cc, line 346
[Child 9772, Chrome_ChildThread] WARNING: pipe error: 109: file z:/build/build/src/ipc/chromium/src/chrome/common/ipc_channel_win.cc, line 346
[Child 9772, Ch[Parent 8532, Gecko_IOThread] WARNING: pipe error: 109: file z:/build/build/src/ipc/chromium/src/chrome/common/ipc_channel_win.cc, line 346
[Child 9028, Chrome_ChildThread] WARNING: pipe error: 109: file z:/build/build/src/ipc/chromium/src/chrome/common/ipc_channel_win.cc, line 346
[Child 9028, Chrome_Ch*** UTM:SVC TimerManager:registerTimer called after profile-before-change notification. Ignoring timer registration for id: telemetry_modules_ping
[GPU 17
###!!! [Child][MessageChannel::SendAndWait] Error: Channel error: cannot send/recv

1559820242536	mozrunner::runner	INFO	Running command: "C:\\Program Files\\Mozilla Firefox\\firefox.exe" "-marionette" "-foreground" "-no-remote" "-profile" "C:\\Users\\rsingh\\AppData\\Local\\Temp\\rust_mozprofile.aNenR3Lk64Pe"
Unable to read VR Path Registry from C:\Users\rsingh\AppData\Local\openvr\openvrpaths.vrpath
Unable to read VR Path Registry from C:\Users\rsingh\AppData\Local\openvr\openvrpaths.vrpath
Unable to read VR Path Registry from C:\Users\rsingh\AppData\Local\openvr\openvrpaths.vrpath
Unable to read VR Path Registry from C:\Users\rsingh\AppData\Local\openvr\openvrpaths.vrpath
Unable to read VR Path Registry from C:\Users\rsingh\AppData\Local\openvr\openvrpaths.vrpath
1559820245577	Marionette	INFO	Listening on port 55026
1559820245773	Marionette	WARN	TLS certificate errors will be ignored for this session
[Parent 8760, Gecko_IOThread] WARNING: pipe error: 109: file z:/build/build/src/ipc/chromium/src/chrome/common/ipc_channel_win.cc, line 346
[Child 15292, Chrome_ChildThread] WARNING: pipe error: 109: file z:/build/build/src/ipc/chromium/src/chrome/common/ipc_channel_win.cc, line 346
[Child 15292, Chr[Child 17680, Chrome_ChildThread] WARNING: pipe error: 109: file z:/build/build/src/ipc/chromium/src/chrome/common/ipc_channel_win.cc, line 346
[Child 17680, Chrome_Child[Parent 8760, Gecko_IOThread] WARNING: pipe error: 109: file z:/build/build/src/ipc/chromium/src/chrome/common/ipc_channel_win.cc, line 346
[Child 9448, Chrome_ChildThread] WARNING: pipe error: 109: file z:/build/build/src/ipc/chromium/src/chrome/common/ipc_channel_win.cc, line 346
[Child 9448, C*** UTM:SVC TimerManager:registerTimer called after profile-before-change notification. Ignoring timer registration for id: telemetry_modules_ping
[GPU 18324
###!!! [Child][MessageChannel::SendAndWait] Error: Channel error: cannot send/recv

1559820705174	mozrunner::runner	INFO	Running command: "C:\\Program Files\\Mozilla Firefox\\firefox.exe" "-marionette" "-foreground" "-no-remote" "-profile" "C:\\Users\\rsingh\\AppData\\Local\\Temp\\rust_mozprofile.t2geWxMzdke3"
Unable to read VR Path Registry from C:\Users\rsingh\AppData\Local\openvr\openvrpaths.vrpath
Unable to read VR Path Registry from C:\Users\rsingh\AppData\Local\openvr\openvrpaths.vrpath
Unable to read VR Path Registry from C:\Users\rsingh\AppData\Local\openvr\openvrpaths.vrpath
Unable to read VR Path Registry from C:\Users\rsingh\AppData\Local\openvr\openvrpaths.vrpath
Unable to read VR Path Registry from C:\Users\rsingh\AppData\Local\openvr\openvrpaths.vrpath
1559820708337	Marionette	INFO	Listening on port 55315
1559820708594	Marionette	WARN	TLS certificate errors will be ignored for this session
[Child 20472, Chrome_ChildThread] WARNING: pipe error: 109: file z:/build/build/src/ipc/chromium/src/chrome/common/ipc_channel_win.cc, line 346
[Child 2047[Child 15272, Chrome_ChildThread] WARNING: pipe error: 109: file z:/build/build/src/ipc/chromium/src/chrome/common/ipc_channel_win.cc, line 346
[Child 15272, Chro*** UTM:SVC TimerManager:registerTimer called after profile-before-change notification. Ignoring timer registration for id: telemetry_modules_ping
[GPU 15292, Chrome
###!!! [Child][MessageChannel::SendAndWait] Error: Channel error: cannot send/recv

1559820754000	mozrunner::runner	INFO	Running command: "C:\\Program Files\\Mozilla Firefox\\firefox.exe" "-marionette" "-foreground" "-no-remote" "-profile" "C:\\Users\\rsingh\\AppData\\Local\\Temp\\rust_mozprofile.zoXhMGrl5e7b"
Unable to read VR Path Registry from C:\Users\rsingh\AppData\Local\openvr\openvrpaths.vrpath
Unable to read VR Path Registry from C:\Users\rsingh\AppData\Local\openvr\openvrpaths.vrpath
Unable to read VR Path Registry from C:\Users\rsingh\AppData\Local\openvr\openvrpaths.vrpath
Unable to read VR Path Registry from C:\Users\rsingh\AppData\Local\openvr\openvrpaths.vrpath
Unable to read VR Path Registry from C:\Users\rsingh\AppData\Local\openvr\openvrpaths.vrpath
1559820757127	Marionette	INFO	Listening on port 55422
1559820757278	Marionette	WARN	TLS certificate errors will be ignored for this session
[Child 8804, Chrome_ChildThread] WARNING: pipe error: 109: file z:/build/build/src/ipc/chromium/src/chrome/common/ipc_channel_win.cc, line 346
[Child 8804, Chr[Parent 17964, Gecko_IOThread] WARNING: pipe error: 109: file z:/build/build/src/ipc/chromium/src/chrome/common/ipc_channel_win.cc, line 346
[[Parent 17964, Gecko_IOThread] WARNING: pipe error: 109: file z:/build/build/src/ipc/chromium/src/chrome/common/ipc_channel_win.cc, line 346
[Child 488, Chrome_ChildThread] WARNING: pipe error: 109: file z:/build/build/src/ipc/chromium/src/chrome/common/ipc_channel_win.cc, line 346
[Child 488,*** UTM:SVC TimerManager:registerTimer called after profile-before-change notification. Ignoring timer registration for id: telemetry_modules_ping
[GPU 16148, Chrome_C
###!!! [Child][MessageChannel::SendAndWait] Error: Channel error: cannot send/recv

1559820924484	mozrunner::runner	INFO	Running command: "C:\\Program Files\\Mozilla Firefox\\firefox.exe" "-marionette" "-foreground" "-no-remote" "-profile" "C:\\Users\\rsingh\\AppData\\Local\\Temp\\rust_mozprofile.CqF9qg80KsXn"
Unable to read VR Path Registry from C:\Users\rsingh\AppData\Local\openvr\openvrpaths.vrpath
Unable to read VR Path Registry from C:\Users\rsingh\AppData\Local\openvr\openvrpaths.vrpath
Unable to read VR Path Registry from C:\Users\rsingh\AppData\Local\openvr\openvrpaths.vrpath
Unable to read VR Path Registry from C:\Users\rsingh\AppData\Local\openvr\openvrpaths.vrpath
Unable to read VR Path Registry from C:\Users\rsingh\AppData\Local\openvr\openvrpaths.vrpath
1559820927889	Marionette	INFO	Listening on port 55566
1559820928591	Marionette	WARN	TLS certificate errors will be ignored for this session
[Child 8372, Chrome_ChildThread] WARNING: pipe error: 109: file z:/build/build/src/ipc/chromium/src/chrome/common/ipc_channel_win.cc, line 346
[Child 8372[Parent 652, Gecko_IOThread] WARNING: pipe error: 109: file z:/build/build/src/ipc/chromium/src/chrome/common/ipc_channel_win.cc, line 346
[Child 12976, Chrome_ChildThread] WARNING: pipe error: 109: file z:/build/build/src/ipc/chromium/src/chrome/common/ipc_channel_win.cc, line 346
[Child 12976, C[Parent 652, Gecko_IOThread] WARNING: pipe error: 109: file z:/build/build/src/ipc/chromium/src/chrome/common/ipc_channel_win.cc, line 346
[Child 2592, Chrome_ChildThread] WARNING: pipe error: 109: file z:/build/build/src/ipc/chromium/src/chrome/common/ipc_channel_win.cc, line 346
[Child 2592, Chr*** UTM:SVC TimerManager:registerTimer called after profile-before-change notification. Ignoring timer registration for id: telemetry_modules_ping
[GPU 16444, Chrome_C
###!!! [Child][MessageChannel::SendAndWait] Error: Channel error: cannot send/recv

